<?xml version="1.0" encoding="utf-8"?><testsuites name="pytest tests"><testsuite name="pytest" errors="0" failures="0" skipped="0" tests="13" time="4.996" timestamp="2026-05-06T21:47:38.373921+00:00" hostname="agent-env-fbe18fe1-873a-4f5f-ae60-d691f537686b"><testcase classname="backend.tests.test_new_features.TestBundles" name="test_list_bundles_public" time="0.700" /><testcase classname="backend.tests.test_new_features.TestBundles" name="test_create_bundle_requires_auth" time="0.406" /><testcase classname="backend.tests.test_new_features.TestBundles" name="test_bundle_crud" time="0.762" /><testcase classname="backend.tests.test_new_features.TestCoupons" name="test_admin_coupons_requires_auth" time="0.105" /><testcase classname="backend.tests.test_new_features.TestCoupons" name="test_create_validate_percent" time="0.272" /><testcase classname="backend.tests.test_new_features.TestCoupons" name="test_validate_invalid_code" time="0.093" /><testcase classname="backend.tests.test_new_features.TestCoupons" name="test_validate_min_order" time="0.256" /><testcase classname="backend.tests.test_new_features.TestOrderExtensions" name="test_order_with_coupon_and_slot" time="0.930" /><testcase classname="backend.tests.test_new_features.TestOrderExtensions" name="test_order_with_invalid_coupon" time="0.186" /><testcase classname="backend.tests.test_new_features.TestOrderExtensions" name="test_stock_decrement_and_out_of_stock" time="0.773" /><testcase classname="backend.tests.test_new_features.TestSitemap" name="test_sitemap_structure" time="0.070" /><testcase classname="backend.tests.test_new_features.TestContentNewFields" name="test_content_has_new_fields" time="0.064" /><testcase classname="backend.tests.test_new_features.TestContentNewFields" name="test_put_content_with_new_fields" time="0.298" /></testsuite></testsuites>