<?xml version="1.0" encoding="utf-8"?><testsuites name="pytest tests"><testsuite name="pytest" errors="0" failures="0" skipped="0" tests="37" time="4.628" timestamp="2026-05-06T21:47:57.201914+00:00" hostname="agent-env-fbe18fe1-873a-4f5f-ae60-d691f537686b"><testcase classname="backend.tests.backend_test.TestPublicProducts" name="test_list_products" time="0.104" /><testcase classname="backend.tests.backend_test.TestPublicProducts" name="test_filter_by_category" time="0.024" /><testcase classname="backend.tests.backend_test.TestPublicProducts" name="test_filter_featured" time="0.025" /><testcase classname="backend.tests.backend_test.TestPublicProducts" name="test_get_categories" time="0.024" /><testcase classname="backend.tests.backend_test.TestOrders" name="test_create_order_pickup" time="0.111" /><testcase classname="backend.tests.backend_test.TestOrders" name="test_create_order_empty_cart" time="0.023" /><testcase classname="backend.tests.backend_test.TestOrders" name="test_create_order_delivery_no_address" time="0.044" /><testcase classname="backend.tests.backend_test.TestOrders" name="test_create_order_with_email_returns_200" time="0.048" /><testcase classname="backend.tests.backend_test.TestAuth" name="test_login_success" time="0.250" /><testcase classname="backend.tests.backend_test.TestAuth" name="test_login_wrong_password" time="0.244" /><testcase classname="backend.tests.backend_test.TestAuth" name="test_auth_me" time="0.324" /><testcase classname="backend.tests.backend_test.TestAuth" name="test_admin_orders_requires_auth" time="0.067" /><testcase classname="backend.tests.backend_test.TestAuth" name="test_admin_orders_with_auth" time="0.030" /><testcase classname="backend.tests.backend_test.TestAdminOrders" name="test_update_order_status" time="0.067" /><testcase classname="backend.tests.backend_test.TestAdminOrders" name="test_notify_ready_with_email" time="1.107" /><testcase classname="backend.tests.backend_test.TestAdminOrders" name="test_notify_ready_no_email_returns_400" time="0.126" /><testcase classname="backend.tests.backend_test.TestAdminProducts" name="test_create_update_delete_product" time="0.163" /><testcase classname="backend.tests.backend_test.TestPushNotifications" name="test_vapid_public_key_no_auth" time="0.022" /><testcase classname="backend.tests.backend_test.TestPushNotifications" name="test_subscribe_requires_auth" time="0.024" /><testcase classname="backend.tests.backend_test.TestPushNotifications" name="test_unsubscribe_requires_auth" time="0.026" /><testcase classname="backend.tests.backend_test.TestPushNotifications" name="test_test_push_requires_auth" time="0.022" /><testcase classname="backend.tests.backend_test.TestPushNotifications" name="test_subscribe_invalid_payload" time="0.022" /><testcase classname="backend.tests.backend_test.TestPushNotifications" name="test_subscribe_and_unsubscribe_flow" time="0.108" /><testcase classname="backend.tests.backend_test.TestPushNotifications" name="test_admin_push_test" time="0.063" /><testcase classname="backend.tests.backend_test.TestPWAAssets" name="test_manifest_served" time="0.025" /><testcase classname="backend.tests.backend_test.TestPWAAssets" name="test_service_worker_served" time="0.024" /><testcase classname="backend.tests.backend_test.TestPWAAssets" name="test_index_html_has_manifest_and_apple_meta" time="0.111" /><testcase classname="backend.tests.backend_test.TestAdminStats" name="test_stats" time="0.024" /><testcase classname="backend.tests.backend_test.TestSiteContent" name="test_get_content_public_no_auth" time="0.075" /><testcase classname="backend.tests.backend_test.TestSiteContent" name="test_put_content_requires_auth" time="0.071" /><testcase classname="backend.tests.backend_test.TestSiteContent" name="test_put_content_round_trip" time="0.294" /><testcase classname="backend.tests.backend_test.TestSiteContent" name="test_put_content_bad_payload" time="0.074" /><testcase classname="backend.tests.backend_test.TestSiteContent" name="test_upload_requires_auth" time="0.089" /><testcase classname="backend.tests.backend_test.TestSiteContent" name="test_upload_valid_png" time="0.076" /><testcase classname="backend.tests.backend_test.TestSiteContent" name="test_upload_valid_jpeg" time="0.176" /><testcase classname="backend.tests.backend_test.TestSiteContent" name="test_upload_rejects_non_image" time="0.067" /><testcase classname="backend.tests.backend_test.TestSiteContent" name="test_upload_rejects_oversize" time="0.334" /></testsuite></testsuites>